1682394078173:help
1682394107628:help signup
1682394149049:quit
1682395119794:help
1682395149755:help signup
1682395981982:signup samarjit password
1682396038505:help
1682396057625:help post
1682396338176:help
1682396492571:signup samarjit password
1682396510602:help login
1682396537957:login --username samarjit --password password
1682396644701:help
1682396651281:help post
1682396712955:post --userId 1 --text firstText
1682397472957:help
1682397520884:help follow
1682398325817:clear
1682398593810:help
1682398599655:help post
1682398688957:signup samarjit password
1682398692609:help
1682398703630:help post
1682398723491:post --userId 1 --text hellotext
